[19-Feb-2022 08:34:58 UTC] PHP Notice:  Trying to get property 'title' of non-object in /var/www/html/wp-includes/class-wp-customize-nav-menus.php on line 523
[19-Feb-2022 08:34:58 UTC] PHP Warning:  Cannot modify header information - headers already sent by (output started at /var/www/html/wp-includes/class-wp-customize-nav-menus.php:523) in /var/www/html/wp-admin/customize.php on line 126
[19-Feb-2022 08:34:58 UTC] PHP Notice:  Trying to get property 'title' of non-object in /var/www/html/wp-includes/class-wp-customize-nav-menus.php on line 1152
[20-Feb-2022 08:26:54 UTC] PHP Warning:  发生了预料之外的错误。WordPress.org或是此服务器的配置可能出了一些问题。如果您持续遇到困难，请试试<a href="https://cn.wordpress.org/support/forums/">支持论坛</a>。 （WordPress无法建立到WordPress.org的安全连接，请联系您的服务器管理员。） in /var/www/html/wp-admin/includes/plugin-install.php on line 183
[20-Feb-2022 08:27:02 UTC] PHP Warning:  Cannot modify header information - headers already sent by (output started at /var/www/html/wp-admin/includes/plugin-install.php:183) in /var/www/html/wp-admin/admin-header.php on line 9
[20-Feb-2022 08:27:02 UTC] PHP Warning:  发生了预料之外的错误。WordPress.org或是此服务器的配置可能出了一些问题。如果您持续遇到困难，请试试<a href="https://cn.wordpress.org/support/forums/">支持论坛</a>。 （WordPress无法建立到WordPress.org的安全连接，请联系您的服务器管理员。） in /var/www/html/wp-admin/includes/plugin-install.php on line 183
[21-Feb-2022 00:10:46 UTC] PHP Warning:  发生了预料之外的错误。WordPress.org或是此服务器的配置可能出了一些问题。如果您持续遇到困难，请试试<a href="https://cn.wordpress.org/support/forums/">支持论坛</a>。 （WordPress无法建立到WordPress.org的安全连接，请联系您的服务器管理员。） in /var/www/html/wp-includes/update.php on line 175
[21-Feb-2022 00:10:48 UTC] PHP Warning:  Cannot modify header information - headers already sent by (output started at /var/www/html/wp-includes/update.php:175) in /var/www/html/wp-admin/includes/misc.php on line 1310
[21-Feb-2022 00:10:48 UTC] PHP Warning:  Cannot modify header information - headers already sent by (output started at /var/www/html/wp-includes/update.php:175) in /var/www/html/wp-admin/admin-header.php on line 9
[21-Feb-2022 07:09:52 UTC] PHP Warning:  发生了预料之外的错误。WordPress.org或是此服务器的配置可能出了一些问题。如果您持续遇到困难，请试试<a href="https://cn.wordpress.org/support/forums/">支持论坛</a>。 （WordPress无法建立到WordPress.org的安全连接，请联系您的服务器管理员。） in /var/www/html/wp-includes/update.php on line 175
[21-Feb-2022 07:09:58 UTC] PHP Warning:  发生了预料之外的错误。WordPress.org或是此服务器的配置可能出了一些问题。如果您持续遇到困难，请试试<a href="https://cn.wordpress.org/support/forums/">支持论坛</a>。 （WordPress无法建立到WordPress.org的安全连接，请联系您的服务器管理员。） in /var/www/html/wp-includes/update.php on line 413
[21-Feb-2022 07:10:04 UTC] PHP Warning:  发生了预料之外的错误。WordPress.org或是此服务器的配置可能出了一些问题。如果您持续遇到困难，请试试<a href="https://cn.wordpress.org/support/forums/">支持论坛</a>。 （WordPress无法建立到WordPress.org的安全连接，请联系您的服务器管理员。） in /var/www/html/wp-includes/update.php on line 693
[21-Feb-2022 07:10:07 UTC] PHP Warning:  Cannot modify header information - headers already sent by (output started at /var/www/html/wp-includes/update.php:175) in /var/www/html/wp-admin/includes/misc.php on line 1310
[21-Feb-2022 07:10:07 UTC] PHP Warning:  Cannot modify header information - headers already sent by (output started at /var/www/html/wp-includes/update.php:175) in /var/www/html/wp-admin/admin-header.php on line 9
[21-Feb-2022 08:58:04 UTC] PHP Warning:  发生了预料之外的错误。WordPress.org或是此服务器的配置可能出了一些问题。如果您持续遇到困难，请试试<a href="https://cn.wordpress.org/support/forums/">支持论坛</a>。 （WordPress无法建立到WordPress.org的安全连接，请联系您的服务器管理员。） in /var/www/html/wp-admin/includes/translation-install.php on line 68
[22-Feb-2022 00:40:13 UTC] PHP Warning:  发生了预料之外的错误。WordPress.org或是此服务器的配置可能出了一些问题。如果您持续遇到困难，请试试<a href="https://cn.wordpress.org/support/forums/">支持论坛</a>。 （WordPress无法建立到WordPress.org的安全连接，请联系您的服务器管理员。） in /var/www/html/wp-includes/update.php on line 175
[22-Feb-2022 00:40:19 UTC] PHP Warning:  发生了预料之外的错误。WordPress.org或是此服务器的配置可能出了一些问题。如果您持续遇到困难，请试试<a href="https://cn.wordpress.org/support/forums/">支持论坛</a>。 （WordPress无法建立到WordPress.org的安全连接，请联系您的服务器管理员。） in /var/www/html/wp-includes/update.php on line 413
[22-Feb-2022 00:40:25 UTC] PHP Warning:  发生了预料之外的错误。WordPress.org或是此服务器的配置可能出了一些问题。如果您持续遇到困难，请试试<a href="https://cn.wordpress.org/support/forums/">支持论坛</a>。 （WordPress无法建立到WordPress.org的安全连接，请联系您的服务器管理员。） in /var/www/html/wp-includes/update.php on line 693
[22-Feb-2022 00:40:28 UTC] PHP Warning:  Cannot modify header information - headers already sent by (output started at /var/www/html/wp-includes/update.php:175) in /var/www/html/wp-admin/includes/misc.php on line 1310
[22-Feb-2022 00:40:28 UTC] PHP Warning:  Cannot modify header information - headers already sent by (output started at /var/www/html/wp-includes/update.php:175) in /var/www/html/wp-admin/admin-header.php on line 9
[22-Feb-2022 00:40:59 UTC] PHP Warning:  发生了预料之外的错误。WordPress.org或是此服务器的配置可能出了一些问题。如果您持续遇到困难，请试试<a href="https://cn.wordpress.org/support/forums/">支持论坛</a>。 （WordPress无法建立到WordPress.org的安全连接，请联系您的服务器管理员。） in /var/www/html/wp-includes/update.php on line 693
[22-Feb-2022 00:41:01 UTC] PHP Warning:  Cannot modify header information - headers already sent by (output started at /var/www/html/wp-includes/update.php:693) in /var/www/html/wp-admin/includes/misc.php on line 1310
[22-Feb-2022 00:41:03 UTC] PHP Warning:  Cannot modify header information - headers already sent by (output started at /var/www/html/wp-includes/update.php:693) in /var/www/html/wp-admin/admin-header.php on line 9
